[38;5;6m [38;5;5m04:48:34.08 [0m
[38;5;6m [38;5;5m04:48:34.08 [0m[1mWelcome to the Bitnami spark container[0m
[38;5;6m [38;5;5m04:48:34.09 [0mSubscribe to project updates by watching [1mhttps://github.com/bitnami/bitnami-docker-spark[0m
[38;5;6m [38;5;5m04:48:34.09 [0mSubmit issues and feature requests at [1mhttps://github.com/bitnami/bitnami-docker-spark/issues[0m
[38;5;6m [38;5;5m04:48:34.09 [0m
[38;5;6m [38;5;5m04:48:34.10 [0m[38;5;2mINFO [0m ==> ** Starting Spark setup **
realpath: /bitnami/spark/conf: No such file or directory
[38;5;6m [38;5;5m04:48:34.14 [0m[38;5;2mINFO [0m ==> Generating Spark configuration file...
[38;5;6m [38;5;5m04:48:34.15 [0m[38;5;2mINFO [0m ==> ** Spark setup finished! **

[38;5;6m [38;5;5m04:48:34.18 [0m[38;5;2mINFO [0m ==> ** Starting Spark in master mode **
starting org.apache.spark.deploy.master.Master, logging to /opt/bitnami/spark/logs/spark--org.apache.spark.deploy.master.Master-1-9ca03d8f6c9a.out
Spark Command: /opt/bitnami/java/bin/java -cp /opt/bitnami/spark/conf/:/opt/bitnami/spark/jars/* -Xmx1g org.apache.spark.deploy.master.Master --host 9ca03d8f6c9a --port 7077 --webui-port 8080
========================================
Using Spark's default log4j profile: org/apache/spark/log4j-defaults.properties
24/08/19 04:48:35 INFO Master: Started daemon with process name: 39@9ca03d8f6c9a
24/08/19 04:48:35 INFO SignalUtils: Registering signal handler for TERM
24/08/19 04:48:35 INFO SignalUtils: Registering signal handler for HUP
24/08/19 04:48:35 INFO SignalUtils: Registering signal handler for INT
24/08/19 04:48:36 WARN NativeCodeLoader: Unable to load native-hadoop library for your platform... using builtin-java classes where applicable
24/08/19 04:48:36 INFO SecurityManager: Changing view acls to: spark
24/08/19 04:48:36 INFO SecurityManager: Changing modify acls to: spark
24/08/19 04:48:36 INFO SecurityManager: Changing view acls groups to: 
24/08/19 04:48:36 INFO SecurityManager: Changing modify acls groups to: 
24/08/19 04:48:36 INFO SecurityManager: SecurityManager: authentication disabled; ui acls disabled; users  with view permissions: Set(spark); groups with view permissions: Set(); users  with modify permissions: Set(spark); groups with modify permissions: Set()
24/08/19 04:48:36 INFO Utils: Successfully started service 'sparkMaster' on port 7077.
24/08/19 04:48:36 INFO Master: Starting Spark master at spark://9ca03d8f6c9a:7077
24/08/19 04:48:36 INFO Master: Running Spark version 3.2.1
24/08/19 04:48:37 INFO Utils: Successfully started service 'MasterUI' on port 8080.
24/08/19 04:48:37 INFO MasterWebUI: Bound MasterWebUI to 0.0.0.0, and started at http://9ca03d8f6c9a:8080
24/08/19 04:48:37 INFO Master: I have been elected leader! New state: ALIVE
24/08/19 04:48:37 INFO Master: Registering worker 192.168.112.5:33247 with 1 cores, 1024.0 MiB RAM
