[38;5;6m [38;5;5m04:48:34.08 [0m
[38;5;6m [38;5;5m04:48:34.08 [0m[1mWelcome to the Bitnami spark container[0m
[38;5;6m [38;5;5m04:48:34.08 [0mSubscribe to project updates by watching [1mhttps://github.com/bitnami/bitnami-docker-spark[0m
[38;5;6m [38;5;5m04:48:34.09 [0mSubmit issues and feature requests at [1mhttps://github.com/bitnami/bitnami-docker-spark/issues[0m
[38;5;6m [38;5;5m04:48:34.09 [0m
[38;5;6m [38;5;5m04:48:34.10 [0m[38;5;2mINFO [0m ==> ** Starting Spark setup **
realpath: /bitnami/spark/conf: No such file or directory
[38;5;6m [38;5;5m04:48:34.14 [0m[38;5;2mINFO [0m ==> Generating Spark configuration file...
[38;5;6m [38;5;5m04:48:34.15 [0m[38;5;2mINFO [0m ==> ** Spark setup finished! **

[38;5;6m [38;5;5m04:48:34.18 [0m[38;5;2mINFO [0m ==> ** Starting Spark in worker mode **
starting org.apache.spark.deploy.worker.Worker, logging to /opt/bitnami/spark/logs/spark--org.apache.spark.deploy.worker.Worker-1-0070f15c3a53.out
Spark Command: /opt/bitnami/java/bin/java -cp /opt/bitnami/spark/conf/:/opt/bitnami/spark/jars/* -Xmx1g org.apache.spark.deploy.worker.Worker --webui-port 8081 spark://spark:7077
========================================
Using Spark's default log4j profile: org/apache/spark/log4j-defaults.properties
24/08/19 04:48:35 INFO Worker: Started daemon with process name: 38@0070f15c3a53
24/08/19 04:48:35 INFO SignalUtils: Registering signal handler for TERM
24/08/19 04:48:35 INFO SignalUtils: Registering signal handler for HUP
24/08/19 04:48:35 INFO SignalUtils: Registering signal handler for INT
24/08/19 04:48:36 WARN NativeCodeLoader: Unable to load native-hadoop library for your platform... using builtin-java classes where applicable
24/08/19 04:48:36 INFO SecurityManager: Changing view acls to: spark
24/08/19 04:48:36 INFO SecurityManager: Changing modify acls to: spark
24/08/19 04:48:36 INFO SecurityManager: Changing view acls groups to: 
24/08/19 04:48:36 INFO SecurityManager: Changing modify acls groups to: 
24/08/19 04:48:36 INFO SecurityManager: SecurityManager: authentication disabled; ui acls disabled; users  with view permissions: Set(spark); groups with view permissions: Set(); users  with modify permissions: Set(spark); groups with modify permissions: Set()
24/08/19 04:48:36 INFO Utils: Successfully started service 'sparkWorker' on port 33247.
24/08/19 04:48:36 INFO Worker: Worker decommissioning not enabled.
24/08/19 04:48:37 INFO Worker: Starting Spark worker 192.168.112.5:33247 with 1 cores, 1024.0 MiB RAM
24/08/19 04:48:37 INFO Worker: Running Spark version 3.2.1
24/08/19 04:48:37 INFO Worker: Spark home: /opt/bitnami/spark
24/08/19 04:48:37 INFO ResourceUtils: ==============================================================
24/08/19 04:48:37 INFO ResourceUtils: No custom resources configured for spark.worker.
24/08/19 04:48:37 INFO ResourceUtils: ==============================================================
24/08/19 04:48:37 INFO Utils: Successfully started service 'WorkerUI' on port 8081.
24/08/19 04:48:37 INFO WorkerWebUI: Bound WorkerWebUI to 0.0.0.0, and started at http://0070f15c3a53:8081
24/08/19 04:48:37 INFO Worker: Connecting to master spark:7077...
24/08/19 04:48:37 INFO TransportClientFactory: Successfully created connection to spark/192.168.112.4:7077 after 37 ms (0 ms spent in bootstraps)
24/08/19 04:48:37 INFO Worker: Successfully registered with master spark://9ca03d8f6c9a:7077
